100
97
91
90
83
72
65
65
58
59
59
57
63
57
56
58
67
73
82
117
88
58
85
111
78
54
105
110
56
81
117
87
59
90
112
78
51
101
106
50
75
110
90
51
90
111
71
51
102
100
52
77
114
88
50
81
93
70
27
78
118
122
134
225
203
159
199
144
73
98
122
67
58
91
108
57
51
105
83
45
69
101
72
44
74
101
55
42
88
93
54
37
87
94
49
44
79
90
47
32
80
81
50
35
74
85
36
31
78
85
44
28
75
80
39
31
88
85
45
35
88
99
61
45
99
95
64
46
94
100
47
53
102
90
43
70
103
73
42
81
99
77
40
82
101
62
42
100
98
55
60
108
91
49
76
107
84
55
90
115
63
65
101
101
50
78
113
79
53
91
111
63
54
101
103
49
73
111
83
52
90
113
67
53
98
116
49
63
109
97
52
77
115
82
47
92
104
65
51
108
100
40
75
103
75
49
92
108
64
52
107
94
49
44
88
66
30
45
137
150
155
249
238
145
158
141
66
68
110
85
45
67
102
72
45
83
107
49
41
93
94
48
47
90
92
50
40
87
93
42
38
84
90
44
36
84
89
39
34
79
83
41
29
79
73
39
25
77
75
29
29
78
80
37
32
85
79
45
38
86
91
43
38
95
97
48
43
96
89
59
45
100
90
45
63
100
85
40
69
101
73
44
91
106
55
54
98
101
53
64
106
85
51
82
110
80
46
98
104
65
47
104
94
52
65
109
90
55
81
108
71
54
90
113
60
58
97
105
49
81
113
94
54
78
106
74
53
99
114
63
59
106
96
52
72
110
86
51
79
107
71
48
94
104
55
46
108
96
54
74
103
76
19
57
85
91
93
142
223
208
189
189
125
80
118
99
52
68
101
83
44
74
102
65
41
83
102
42
40
93
94
40
42
89
93
35
33
86
83
39
36
86
87
28
31
80
80
31
22
81
75
29
26
75
72
21
25
74
67
20
24
75
69
34
28
80
80
35
38
89
87
43
41
93
84
42
42
90
85
37
44
100
87
42
66
98
84
39
64
95
86
44
71
102
82
44
79
101
64
43
96
99
63
42
97
99
72
39
95
104
55
47
103
91
48
69
101
79
50
78
107
66
47
92
101
50
53
104
88
48
73
110
79
51
84
105
66
48
97
107
49
51
102
91
45
74
100
85
43
82
106
59
45
92
103
46
51
99
91
46
41
98
77
28
22
79
89
82
99
185
204
159
206
162
91
86
112
83
48
79
101
54
44
93
86
49
41
86
92
52
30
87
88
53
38
82
87
40
35
80
86
43
31
81
87
43
33
75
82
36
34
75
74
36
19
74
71
34
24
70
77
32
30
76
83
39
31
81
88
50
34
90
93
49
44
93
88
55
37
90
93
47
41
91
95
51
42
89
88
54
45
96
93
58
43
99
99
57
47
104
91
56
45
107
91
57
82
112
86
47
92
110
61
45
104
96
49
53
105
88
53
79
108
75
51
91
111
57
56
99
104
44
68
103
94
52
75
108
72
48
97
108
58
52
99
101
46
64
100
88
43
85
104
77
44
89
101
56
54
100
96
48
67
106
80
35
50
82
66
53
116
166
159
194
198
143
104
128
85
51
74
103
66
47
87
97
62
38
75
92
60
39
78
96
58
31
73
84
53
32
73
91
44
29
73
85
50
28
74
83
48
28
64
82
44
17
69
76
35
17
58
78
33
18
65
79
48
21
73
85
58
26
79
87
62
32
82
91
68
35
86
94
60
33
86
94
55
38
82
96
63
33
83
98
66
40
91
102
47
46
102
100
42
78
104
63
46
97
101
56
47
104
96
48
65
107
80
51
76
104
61
50
91
105
53
51
99
104
40
73
99
92
43
67
107
78
47
83
103
72
41
98
100
51
55
102
96
42
73
111
84
53
82
96
84
44
84
97
85
44
88
103
61
39
88
103
53
48
95
78
38
16
81
80
69
84
171
203
175
187
175
96
94
117
91
53
77
101
55
44
86
90
50
36
82
93
50
34
82
83
44
22
79
84
40
24
81
83
37
28
74
87
55
24
89
77
45
23
74
77
41
17
72
64
33
7
53
65
41
12
47
73
49
10
54
69
59
22
62
85
54
29
71
87
67
27
70
84
63
32
70
90
63
33
72
92
67
35
77
87
71
39
76
107
54
42
93
94
56
51
97
96
55
43
96
100
50
53
101
86
43
71
100
74
42
82
100
52
50
94
104
42
53
97
99
41
50
100
86
40
80
96
86
39
65
97
81
48
78
103
73
43
84
106
61
48
101
95
49
42
108
91
49
74
98
85
48
66
100
77
52
82
104
54
45
96
104
47
33
86
59
21
41
124
138
148
211
211
119
141
133
55
68
105
86
40
73
99
84
36
62
98
78
35
67
88
82
26
6