Š100
149
171
172
184
190
187
195
196
199
205
193
198
208
199
182
140
186
157
140
183
189
146
170
198
152
161
197
155
152
197
189
142
188
189
134
184
194
143
170
202
148
164
194
181
160
209
191
145
204
207
152
197
209
145
172
206
157
166
201
161
137
208
184
132
197
194
138
177
190
133
127
172
128
208
335
412
407
466
442
333
324
261
172
193
198
141
168
197
126
145
185
137
120
176
161
121
184
163
119
162
177
124
147
169
117
124
176
132
96
162
154
110
158
165
101
141
161
107
130
163
135
123
173
161
113
185
169
126
177
181
135
168
198
153
162
205
152
136
192
170
137
185
191
140
180
186
145
169
200
140
161
190
165
142
188
171
140
188
176
140
171
190
140
161
197
144
158
181
162
128
189
170
135
183
180
134
179
194
149
162
203
133
166
191
167
139
193
172
143
186
187
138
179
189
136
166
194
148
150
190
154
128
187
172
128
169
166
104
142
170
175
279
442
419
419
456
409
275
266
217
141
186
186
130
171
188
141
142
186
131
134
179
150
120
170
174
115
168
172
102
151
175
121
140
152
114
133
162
130
99
150
138
106
146
148
105
121
166
112
128
180
142
118
183
168
120
175
180
124
161
193
136
158
198
140
151
190
154
130
191
173
125
180
190
128
180
184
129
158
197
142
156
185
156
137
188
175
129
174
173
125
168
181
116
151
184
141
126
196
149
134
190
168
133
189
191
144
177
204
141
175
193
155
142
194
169
131
189
176
130
173
182
130
162
182
138
163
187
146
139
164
144
117
183
208
256
414
446
401
436
376
274
221
226
172
144
190
170
129
173
162
118
174
160
128
158
169
122
135
167
136
127
170
146
116
164
156
116
157
151
110
138
153
116
112
153
120
102
149
135
97
153
159
119
141
172
109
140
187
146
124
177
166
126
182
188
129
172
187
133
166
190
135
155
194
153
143
183
168
127
179
176
127
158
173
127
161
180
134
144
182
153
132
184
168
124
182
185
120
167
174
124
157
183
131
158
196
143
129
194
166
129
197
182
109
182
184
124
160
189
131
145
171
140
128
198
149
104
183
172
127
179
161
97
115
167
153
229
395
428
399
450
432
266
256
208
150
177
179
129
144
173
138
101
169
155
114
163
156
95
137
169
99
112
167
148
106
165
150
104
140
162
100
122
159
101
111
148
121
90
147
138
96
128
143
91
102
167
139
113
155
154
117
166
173
126
146
179
123
141
177
138
130
180
159
126
169
167
118
175
178
119
149
170
130
138
178
140
132
174
147
129
169
165
113
170
168
124
153
167
134
155
178
140
129
184
158
135
170
165
133
167
179
133
166
182
136
148
181
149
123
180
168
117
170
169
128
161
166
122
146
174
129
126
164
120
107
179
250
321
441
436
393
426
331
216
184
205
134
140
177
142
98
161
155
116
149
158
108
126
163
97
96
158
151
103
139
158
102
122
164
109
123
159
111
100
149
135
81
140
123
91
116
151
111
98
158
138
100
149
161
114
138
165
126
144
164
139
125
172
169
127
172
165
121
166
174
129
148
181
132
135
180
154
117
176
170
111
171
169
134
167
164
131
150
181
126
137
172
140
125
176
171
114
182
187
123
164
192
140
162
194
128
146
192
163
125
184
158
117
176
160
129
166
173
117
151
176
123
142
178
151
115
165
133
78
142
205
225
389
445
396
412
400
290
203
212
176
120
171
163
107
152
160
107
122
166
111
130
160
134
95
161
141
108
143
152
99
119
153
126
84
142
157
91
120
161
106
99
147
117
92
128
146
93
107
142
136
92
155
152
105
152
166
111
140
174
125
132
173
149
121
174
164
115
164
163
122
159
174
119
138
183
117
127
174
143
113
169
149
104
163
171
121
153
168
112
139
170
124
114
172
154
105
166
154
99
164
172
122
150
186
134
144
181
151
123
184
168
111
176
159
114
140
177
118
149
179
124
136
167
146
116
174
153
104
146
143
82
144
260
334
411
442
410
379
324
232
153
180
159
113
150
159
112
125
152
113
117
149
123
100
150
137
87
123
152
100
112
143
107
104
133
123
74
134
104
88
103
135
93
83
133
119
74
112
129
98
91
136
137
95
110
158
112
120
167
132
102
162
151
97
149
171
109
132
170
116
142
170
137
114
163
165
110
169
166
98
134
155
129
134
165
141
110
162
142
102
157
145
110
155
163
114
134
169
122
130
161
142
119
171
158
116
158
170
115
151
160
115
127
160
120
111
156
134
113
154
162
106
156
162
113
140
161
116
132
149
113
102
143
120
110
237
320
377
434
435